<?xml version="1.0" encoding="UTF-8"?>
<!-- Generated by org.testng.reporters.JUnitReportReporter -->
<testsuite skipped="0" hostname="DESKTOP-6SOEI2S" name="AnitaProjectDD.HomePage" tests="2" failures="0" timestamp="09 Feb 2021 02:46:34 GMT" time="38.344" errors="0">
  <testcase name="basePageNavigation" time="25.254" classname="AnitaProjectDD.HomePage"/>
  <testcase name="basePageNavigation" time="13.090" classname="AnitaProjectDD.HomePage"/>
</testsuite> <!-- AnitaProjectDD.HomePage -->
