<?xml version="1.0" encoding="UTF-8"?>
<!-- Generated by org.testng.reporters.JUnitReportReporter -->
<testsuite skipped="0" hostname="DESKTOP-6SOEI2S" name="AnitaProjectDD.Submitques" tests="1" failures="0" timestamp="09 Feb 2021 02:46:34 GMT" time="20.094" errors="0">
  <testcase name="SubmitQ" time="20.094" classname="AnitaProjectDD.Submitques"/>
</testsuite> <!-- AnitaProjectDD.Submitques -->
